2019-01-14 11:19:00  [ main:0 ] - [ DEBUG ]  Retrieving column information for table "alarm_message"
2019-01-14 11:19:00  [ main:65 ] - [ DEBUG ]  Found column "id", data type 12, in table "dbmqtt..alarm_message"
2019-01-14 11:19:00  [ main:66 ] - [ DEBUG ]  Found column "alarm_code", data type 4, in table "dbmqtt..alarm_message"
2019-01-14 11:19:00  [ main:67 ] - [ DEBUG ]  Found column "alarm_info", data type 12, in table "dbmqtt..alarm_message"
2019-01-14 11:20:31  [ main:0 ] - [ DEBUG ]  Retrieving column information for table "alarm_message"
2019-01-14 11:20:31  [ main:64 ] - [ DEBUG ]  Found column "id", data type 12, in table "dbmqtt..alarm_message"
2019-01-14 11:20:31  [ main:65 ] - [ DEBUG ]  Found column "alarm_code", data type 4, in table "dbmqtt..alarm_message"
2019-01-14 11:20:31  [ main:65 ] - [ DEBUG ]  Found column "alarm_info", data type 12, in table "dbmqtt..alarm_message"
2019-01-14 11:22:11  [ main:0 ] - [ DEBUG ]  Retrieving column information for table "alarm_message"
2019-01-14 11:22:11  [ main:51 ] - [ DEBUG ]  Found column "id", data type 12, in table "dbmqtt..alarm_message"
2019-01-14 11:22:11  [ main:51 ] - [ DEBUG ]  Found column "alarm_code", data type 4, in table "dbmqtt..alarm_message"
2019-01-14 11:22:11  [ main:53 ] - [ DEBUG ]  Found column "alarm_info", data type 12, in table "dbmqtt..alarm_message"
2019-01-14 11:25:19  [ main:0 ] - [ DEBUG ]  Retrieving column information for table "alarm_message"
2019-01-14 11:25:19  [ main:60 ] - [ DEBUG ]  Found column "id", data type 12, in table "dbmqtt..alarm_message"
2019-01-14 11:25:19  [ main:60 ] - [ DEBUG ]  Found column "alarm_code", data type 4, in table "dbmqtt..alarm_message"
2019-01-14 11:25:19  [ main:61 ] - [ DEBUG ]  Found column "alarm_info", data type 12, in table "dbmqtt..alarm_message"
2019-01-14 11:31:12  [ main:0 ] - [ DEBUG ]  Retrieving column information for table "alarm_message"
2019-01-14 11:31:12  [ main:97 ] - [ DEBUG ]  Found column "id", data type 12, in table "dbmqtt..alarm_message"
2019-01-14 11:31:12  [ main:99 ] - [ DEBUG ]  Found column "alarm_code", data type 4, in table "dbmqtt..alarm_message"
2019-01-14 11:31:12  [ main:101 ] - [ DEBUG ]  Found column "alarm_info", data type 12, in table "dbmqtt..alarm_message"
2019-01-14 11:33:33  [ main:0 ] - [ DEBUG ]  Retrieving column information for table "alarm_message"
2019-01-14 11:33:33  [ main:75 ] - [ DEBUG ]  Found column "id", data type 12, in table "dbmqtt..alarm_message"
2019-01-14 11:33:33  [ main:75 ] - [ DEBUG ]  Found column "alarm_code", data type 4, in table "dbmqtt..alarm_message"
2019-01-14 11:33:33  [ main:76 ] - [ DEBUG ]  Found column "alarm_info", data type 12, in table "dbmqtt..alarm_message"
2019-01-14 11:39:58  [ main:0 ] - [ DEBUG ]  Retrieving column information for table "alarm_message"
2019-01-14 11:39:58  [ main:60 ] - [ DEBUG ]  Found column "id", data type 12, in table "dbmqtt..alarm_message"
2019-01-14 11:39:58  [ main:60 ] - [ DEBUG ]  Found column "alarm_code", data type 4, in table "dbmqtt..alarm_message"
2019-01-14 11:39:58  [ main:61 ] - [ DEBUG ]  Found column "alarm_info", data type 12, in table "dbmqtt..alarm_message"
2019-01-14 11:43:07  [ main:0 ] - [ DEBUG ]  Retrieving column information for table "alarm_message"
2019-01-14 11:43:07  [ main:66 ] - [ DEBUG ]  Found column "id", data type 12, in table "dbmqtt..alarm_message"
2019-01-14 11:43:07  [ main:66 ] - [ DEBUG ]  Found column "alarm_code", data type 4, in table "dbmqtt..alarm_message"
2019-01-14 11:43:07  [ main:67 ] - [ DEBUG ]  Found column "alarm_info", data type 12, in table "dbmqtt..alarm_message"
2019-01-14 11:44:36  [ main:0 ] - [ DEBUG ]  Retrieving column information for table "alarm_message"
2019-01-14 11:44:37  [ main:62 ] - [ DEBUG ]  Found column "id", data type 12, in table "dbmqtt..alarm_message"
2019-01-14 11:44:37  [ main:63 ] - [ DEBUG ]  Found column "alarm_code", data type 4, in table "dbmqtt..alarm_message"
2019-01-14 11:44:37  [ main:63 ] - [ DEBUG ]  Found column "alarm_info", data type 12, in table "dbmqtt..alarm_message"
2019-01-14 11:45:52  [ main:0 ] - [ DEBUG ]  Retrieving column information for table "user_info"
2019-01-14 11:45:52  [ main:63 ] - [ DEBUG ]  Found column "id", data type 12, in table "dbmqtt..user_info"
2019-01-14 11:45:52  [ main:63 ] - [ DEBUG ]  Found column "user_name", data type 12, in table "dbmqtt..user_info"
2019-01-14 11:45:52  [ main:64 ] - [ DEBUG ]  Found column "user_pass", data type 12, in table "dbmqtt..user_info"
2019-01-14 11:45:52  [ main:64 ] - [ DEBUG ]  Found column "user_class", data type 4, in table "dbmqtt..user_info"
2019-01-14 11:45:52  [ main:64 ] - [ DEBUG ]  Found column "user_post", data type 12, in table "dbmqtt..user_info"
2019-01-14 11:45:52  [ main:65 ] - [ DEBUG ]  Found column "user_mail", data type 12, in table "dbmqtt..user_info"
2019-01-14 11:45:52  [ main:66 ] - [ DEBUG ]  Found column "user_company", data type 12, in table "dbmqtt..user_info"
2019-01-14 11:45:52  [ main:66 ] - [ DEBUG ]  Found column "user_telephone", data type 12, in table "dbmqtt..user_info"
